This file contains any messages produced by compilers while
running configure, to aid debugging if configure makes a mistake.

It was created by libfvad configure 1.0, which was
generated by GNU Autoconf 2.69.  Invocation command line was

  $ ./configure --enable-examples

## --------- ##
## Platform. ##
## --------- ##

hostname = DufusMcDufusDufus
uname -m = x86_64
uname -r = 4.15.1-2-ARCH
uname -s = Linux
uname -v = #1 SMP Sun Feb 4 22:27:45 UTC 2018

/usr/bin/uname -p = unknown
/bin/uname -X     = unknown

/bin/arch              = unknown
/usr/bin/arch -k       = unknown
/usr/convex/getsysinfo = unknown
/usr/bin/hostinfo      = unknown
/bin/machine           = unknown
/usr/bin/oslevel       = unknown
/bin/universe          = unknown

PATH: /home/nk/.bin
PATH: /home/nk/.jenv/shims
PATH: /home/nk/.pyenv/shims
PATH: /home/nk/.nodenv/shims
PATH: /home/nk/.rbenv/shims
PATH: /home/nk/.jenv/bin
PATH: /home/nk/.pyenv/bin
PATH: /home/nk/.nodenv/bin
PATH: /home/nk/.rbenv/bin
PATH: /home/nk/.cargo/bin
PATH: /usr/local/bin
PATH: /usr/bin
PATH: /bin
PATH: /usr/local/sbin
PATH: /usr/lib/jvm/default/bin
PATH: /usr/bin/site_perl
PATH: /usr/bin/vendor_perl
PATH: /usr/bin/core_perl


## ----------- ##
## Core tests. ##
## ----------- ##

configure:2194: checking for a BSD-compatible install
configure:2262: result: /usr/bin/install -c
configure:2273: checking whether build environment is sane
configure:2328: result: yes
configure:2479: checking for a thread-safe mkdir -p
configure:2518: result: /usr/bin/mkdir -p
configure:2525: checking for gawk
configure:2541: found /usr/bin/gawk
configure:2552: result: gawk
configure:2563: checking whether make sets $(MAKE)
configure:2585: result: yes
configure:2614: checking whether make supports nested variables
configure:2631: result: yes
configure:2710: checking how to create a pax tar archive
configure:2721: tar --version
tar (GNU tar) 1.30
Copyright (C) 2017 Free Software Foundation, Inc.
License GPLv3+: GNU GPL version 3 or later <https://gnu.org/licenses/gpl.html>.
This is free software: you are free to change and redistribute it.
There is NO WARRANTY, to the extent permitted by law.

Written by John Gilmore and Jay Fenlason.
configure:2724: $? = 0
configure:2764: tardir=conftest.dir && eval tar --format=posix -chf - "$tardir" >conftest.tar
configure:2767: $? = 0
configure:2771: tar -xf - <conftest.tar
configure:2774: $? = 0
configure:2776: cat conftest.dir/file
GrepMe
configure:2779: $? = 0
configure:2792: result: gnutar
configure:2891: checking for gcc
configure:2907: found /usr/bin/gcc
configure:2918: result: gcc
configure:3147: checking for C compiler version
configure:3156: gcc --version >&5
gcc (GCC) 7.3.0
Copyright (C) 2017 Free Software Foundation, Inc.
This is free software; see the source for copying conditions.  There is NO
warranty; not even for MERCHANTABILITY or FITNESS FOR A PARTICULAR PURPOSE.

configure:3167: $? = 0
configure:3156: gcc -v >&5
Using built-in specs.
COLLECT_GCC=gcc
COLLECT_LTO_WRAPPER=/usr/lib/gcc/x86_64-pc-linux-gnu/7.3.0/lto-wrapper
Target: x86_64-pc-linux-gnu
Configured with: /build/gcc/src/gcc/configure --prefix=/usr --libdir=/usr/lib --libexecdir=/usr/lib --mandir=/usr/share/man --infodir=/usr/share/info --with-bugurl=https://bugs.archlinux.org/ --enable-languages=c,c++,ada,fortran,go,lto,objc,obj-c++ --enable-shared --enable-threads=posix --enable-libmpx --with-system-zlib --with-isl --enable-__cxa_atexit --disable-libunwind-exceptions --enable-clocale=gnu --disable-libstdcxx-pch --disable-libssp --enable-gnu-unique-object --enable-linker-build-id --enable-lto --enable-plugin --enable-install-libiberty --with-linker-hash-style=gnu --enable-gnu-indirect-function --enable-multilib --disable-werror --enable-checking=release --enable-default-pie --enable-default-ssp
Thread model: posix
gcc version 7.3.0 (GCC) 
configure:3167: $? = 0
configure:3156: gcc -V >&5
gcc: error: unrecognized command line option '-V'
gcc: fatal error: no input files
compilation terminated.
configure:3167: $? = 1
configure:3156: gcc -qversion >&5
gcc: error: unrecognized command line option '-qversion'; did you mean '--version'?
gcc: fatal error: no input files
compilation terminated.
configure:3167: $? = 1
configure:3187: checking whether the C compiler works
configure:3209: gcc    conftest.c  >&5
configure:3213: $? = 0
configure:3261: result: yes
configure:3264: checking for C compiler default output file name
configure:3266: result: a.out
configure:3272: checking for suffix of executables
configure:3279: gcc -o conftest    conftest.c  >&5
configure:3283: $? = 0
configure:3305: result: 
configure:3327: checking whether we are cross compiling
configure:3335: gcc -o conftest    conftest.c  >&5
configure:3339: $? = 0
configure:3346: ./conftest
configure:3350: $? = 0
configure:3365: result: no
configure:3370: checking for suffix of object files
configure:3392: gcc -c   conftest.c >&5
configure:3396: $? = 0
configure:3417: result: o
configure:3421: checking whether we are using the GNU C compiler
configure:3440: gcc -c   conftest.c >&5
configure:3440: $? = 0
configure:3449: result: yes
configure:3458: checking whether gcc accepts -g
configure:3478: gcc -c -g  conftest.c >&5
configure:3478: $? = 0
configure:3519: result: yes
configure:3536: checking for gcc option to accept ISO C89
configure:3599: gcc  -c -g -O2  conftest.c >&5
configure:3599: $? = 0
configure:3612: result: none needed
configure:3637: checking whether gcc understands -c and -o together
configure:3659: gcc -c conftest.c -o conftest2.o
configure:3662: $? = 0
configure:3659: gcc -c conftest.c -o conftest2.o
configure:3662: $? = 0
configure:3674: result: yes
configure:3702: checking for style of include used by make
configure:3730: result: GNU
configure:3756: checking dependency style of gcc
configure:3867: result: gcc3
configure:3889: checking whether C compiler accepts -std=c11
configure:3908: gcc -c -g -O2  -std=c11  conftest.c >&5
configure:3908: $? = 0
configure:3917: result: yes
configure:3933: : CFLAGS="$CFLAGS"
configure:3936: $? = 0
configure:3889: checking whether C compiler accepts -Wall
configure:3908: gcc -c -g -O2 -std=c11  -Wall  conftest.c >&5
configure:3908: $? = 0
configure:3917: result: yes
configure:3933: : CFLAGS="$CFLAGS"
configure:3936: $? = 0
configure:3889: checking whether C compiler accepts -Wpedantic
configure:3908: gcc -c -g -O2 -std=c11 -Wall  -Wpedantic  conftest.c >&5
configure:3908: $? = 0
configure:3917: result: yes
configure:3933: : CFLAGS="$CFLAGS"
configure:3936: $? = 0
configure:3962: checking for gcc option to accept ISO C99
configure:4111: gcc  -c -g -O2 -std=c11 -Wall -Wpedantic  conftest.c >&5
conftest.c: In function 'test_varargs':
conftest.c:82:9: warning: variable 'fnumber' set but not used [-Wunused-but-set-variable]
   float fnumber;
         ^~~~~~~
conftest.c:81:7: warning: variable 'number' set but not used [-Wunused-but-set-variable]
   int number;
       ^~~~~~
conftest.c:80:15: warning: variable 'str' set but not used [-Wunused-but-set-variable]
   const char *str;
               ^~~
configure:4111: $? = 0
configure:4124: result: none needed
configure:4232: checking for gcc option to accept ISO Standard C
configure:4243: result: none needed
configure:4280: checking build system type
configure:4294: result: x86_64-pc-linux-gnu
configure:4314: checking host system type
configure:4327: result: x86_64-pc-linux-gnu
configure:4368: checking how to print strings
configure:4395: result: printf
configure:4416: checking for a sed that does not truncate output
configure:4480: result: /usr/bin/sed
configure:4498: checking for grep that handles long lines and -e
configure:4556: result: /usr/bin/grep
configure:4561: checking for egrep
configure:4623: result: /usr/bin/grep -E
configure:4628: checking for fgrep
configure:4690: result: /usr/bin/grep -F
configure:4725: checking for ld used by gcc
configure:4792: result: /usr/bin/ld
configure:4799: checking if the linker (/usr/bin/ld) is GNU ld
configure:4814: result: yes
configure:4826: checking for BSD- or MS-compatible name lister (nm)
configure:4880: result: /usr/bin/nm -B
configure:5010: checking the name lister (/usr/bin/nm -B) interface
configure:5017: gcc -c -g -O2 -std=c11 -Wall -Wpedantic  conftest.c >&5
configure:5020: /usr/bin/nm -B "conftest.o"
configure:5023: output
0000000000000000 B some_variable
configure:5030: result: BSD nm
configure:5033: checking whether ln -s works
configure:5037: result: yes
configure:5045: checking the maximum length of command line arguments
configure:5176: result: 1572864
configure:5224: checking how to convert x86_64-pc-linux-gnu file names to x86_64-pc-linux-gnu format
configure:5264: result: func_convert_file_noop
configure:5271: checking how to convert x86_64-pc-linux-gnu file names to toolchain format
configure:5291: result: func_convert_file_noop
configure:5298: checking for /usr/bin/ld option to reload object files
configure:5305: result: -r
configure:5379: checking for objdump
configure:5395: found /usr/bin/objdump
configure:5406: result: objdump
configure:5438: checking how to recognize dependent libraries
configure:5638: result: pass_all
configure:5723: checking for dlltool
configure:5753: result: no
configure:5783: checking how to associate runtime and link libraries
configure:5810: result: printf %s\n
configure:5870: checking for ar
configure:5886: found /usr/bin/ar
configure:5897: result: ar
configure:5950: checking for archiver @FILE support
configure:5967: gcc -c -g -O2 -std=c11 -Wall -Wpedantic  conftest.c >&5
configure:5967: $? = 0
configure:5970: ar cr libconftest.a @conftest.lst >&5
configure:5973: $? = 0
configure:5978: ar cr libconftest.a @conftest.lst >&5
ar: conftest.o: No such file or directory
configure:5981: $? = 1
configure:5993: result: @
configure:6051: checking for strip
configure:6067: found /usr/bin/strip
configure:6078: result: strip
configure:6150: checking for ranlib
configure:6166: found /usr/bin/ranlib
configure:6177: result: ranlib
configure:6279: checking command to parse /usr/bin/nm -B output from gcc object
configure:6432: gcc -c -g -O2 -std=c11 -Wall -Wpedantic  conftest.c >&5
configure:6435: $? = 0
configure:6439: /usr/bin/nm -B conftest.o \| sed -n -e 's/^.*[ ]\([ABCDGIRSTW][ABCDGIRSTW]*\)[ ][ ]*\([_A-Za-z][_A-Za-z0-9]*\)$/\1 \2 \2/p' | sed '/ __gnu_lto/d' \> conftest.nm
configure:6442: $? = 0
configure:6508: gcc -o conftest -g -O2 -std=c11 -Wall -Wpedantic   conftest.c conftstm.o >&5
conftest.c:29:20: warning: ISO C forbids conversion of function pointer to object pointer type [-Wpedantic]
   {"nm_test_func", (void *) &nm_test_func},
                    ^
configure:6511: $? = 0
configure:6549: result: ok
configure:6596: checking for sysroot
configure:6626: result: no
configure:6633: checking for a working dd
configure:6671: result: /usr/bin/dd
configure:6675: checking how to truncate binary pipes
configure:6690: result: /usr/bin/dd bs=4096 count=1
configure:6826: gcc -c -g -O2 -std=c11 -Wall -Wpedantic  conftest.c >&5
configure:6829: $? = 0
configure:7019: checking for mt
configure:7049: result: no
configure:7069: checking if : is a manifest tool
configure:7075: : '-?'
configure:7083: result: no
configure:7760: checking how to run the C preprocessor
configure:7791: gcc -E  conftest.c
configure:7791: $? = 0
configure:7805: gcc -E  conftest.c
conftest.c:11:10: fatal error: ac_nonexistent.h: No such file or directory
 #include <ac_nonexistent.h>
          ^~~~~~~~~~~~~~~~~~
compilation terminated.
configure:7805: $? = 1
configure: failed program was:
| /* confdefs.h */
| #define PACKAGE_NAME "libfvad"
| #define PACKAGE_TARNAME "libfvad"
| #define PACKAGE_VERSION "1.0"
| #define PACKAGE_STRING "libfvad 1.0"
| #define PACKAGE_BUGREPORT "dpirch@gmail.com"
| #define PACKAGE_URL "https://github.com/dpirch/libfvad"
| #define PACKAGE "libfvad"
| #define VERSION "1.0"
| /* end confdefs.h.  */
| #include <ac_nonexistent.h>
configure:7830: result: gcc -E
configure:7850: gcc -E  conftest.c
configure:7850: $? = 0
configure:7864: gcc -E  conftest.c
conftest.c:11:10: fatal error: ac_nonexistent.h: No such file or directory
 #include <ac_nonexistent.h>
          ^~~~~~~~~~~~~~~~~~
compilation terminated.
configure:7864: $? = 1
configure: failed program was:
| /* confdefs.h */
| #define PACKAGE_NAME "libfvad"
| #define PACKAGE_TARNAME "libfvad"
| #define PACKAGE_VERSION "1.0"
| #define PACKAGE_STRING "libfvad 1.0"
| #define PACKAGE_BUGREPORT "dpirch@gmail.com"
| #define PACKAGE_URL "https://github.com/dpirch/libfvad"
| #define PACKAGE "libfvad"
| #define VERSION "1.0"
| /* end confdefs.h.  */
| #include <ac_nonexistent.h>
configure:7893: checking for ANSI C header files
configure:7913: gcc -c -g -O2 -std=c11 -Wall -Wpedantic  conftest.c >&5
configure:7913: $? = 0
configure:7986: gcc -o conftest -g -O2 -std=c11 -Wall -Wpedantic   conftest.c  >&5
configure:7986: $? = 0
configure:7986: ./conftest
configure:7986: $? = 0
configure:7997: result: yes
configure:8010: checking for sys/types.h
configure:8010: gcc -c -g -O2 -std=c11 -Wall -Wpedantic  conftest.c >&5
configure:8010: $? = 0
configure:8010: result: yes
configure:8010: checking for sys/stat.h
configure:8010: gcc -c -g -O2 -std=c11 -Wall -Wpedantic  conftest.c >&5
configure:8010: $? = 0
configure:8010: result: yes
configure:8010: checking for stdlib.h
configure:8010: gcc -c -g -O2 -std=c11 -Wall -Wpedantic  conftest.c >&5
configure:8010: $? = 0
configure:8010: result: yes
configure:8010: checking for string.h
configure:8010: gcc -c -g -O2 -std=c11 -Wall -Wpedantic  conftest.c >&5
configure:8010: $? = 0
configure:8010: result: yes
configure:8010: checking for memory.h
configure:8010: gcc -c -g -O2 -std=c11 -Wall -Wpedantic  conftest.c >&5
configure:8010: $? = 0
configure:8010: result: yes
configure:8010: checking for strings.h
configure:8010: gcc -c -g -O2 -std=c11 -Wall -Wpedantic  conftest.c >&5
configure:8010: $? = 0
configure:8010: result: yes
configure:8010: checking for inttypes.h
configure:8010: gcc -c -g -O2 -std=c11 -Wall -Wpedantic  conftest.c >&5
configure:8010: $? = 0
configure:8010: result: yes
configure:8010: checking for stdint.h
configure:8010: gcc -c -g -O2 -std=c11 -Wall -Wpedantic  conftest.c >&5
configure:8010: $? = 0
configure:8010: result: yes
configure:8010: checking for unistd.h
configure:8010: gcc -c -g -O2 -std=c11 -Wall -Wpedantic  conftest.c >&5
configure:8010: $? = 0
configure:8010: result: yes
configure:8024: checking for dlfcn.h
configure:8024: gcc -c -g -O2 -std=c11 -Wall -Wpedantic  conftest.c >&5
configure:8024: $? = 0
configure:8024: result: yes
configure:8278: checking for objdir
configure:8293: result: .libs
configure:8557: checking if gcc supports -fno-rtti -fno-exceptions
configure:8575: gcc -c -g -O2 -std=c11 -Wall -Wpedantic  -fno-rtti -fno-exceptions conftest.c >&5
cc1: warning: command line option '-fno-rtti' is valid for C++/ObjC++ but not for C
configure:8579: $? = 0
configure:8592: result: no
configure:8950: checking for gcc option to produce PIC
configure:8957: result: -fPIC -DPIC
configure:8965: checking if gcc PIC flag -fPIC -DPIC works
configure:8983: gcc -c -g -O2 -std=c11 -Wall -Wpedantic  -fPIC -DPIC -DPIC conftest.c >&5
configure:8987: $? = 0
configure:9000: result: yes
configure:9029: checking if gcc static flag -static works
configure:9057: result: yes
configure:9072: checking if gcc supports -c -o file.o
configure:9093: gcc -c -g -O2 -std=c11 -Wall -Wpedantic  -o out/conftest2.o conftest.c >&5
configure:9097: $? = 0
configure:9119: result: yes
configure:9127: checking if gcc supports -c -o file.o
configure:9174: result: yes
configure:9207: checking whether the gcc linker (/usr/bin/ld -m elf_x86_64) supports shared libraries
configure:10468: result: yes
configure:10505: checking whether -lc should be explicitly linked in
configure:10513: gcc -c -g -O2 -std=c11 -Wall -Wpedantic  conftest.c >&5
configure:10516: $? = 0
configure:10531: gcc -shared  -fPIC -DPIC conftest.o  -v -Wl,-soname -Wl,conftest -o conftest 2\>\&1 \| /usr/bin/grep  -lc  \>/dev/null 2\>\&1
configure:10534: $? = 0
configure:10548: result: no
configure:10708: checking dynamic linker characteristics
configure:11289: gcc -o conftest -g -O2 -std=c11 -Wall -Wpedantic   -Wl,-rpath -Wl,/foo conftest.c  >&5
configure:11289: $? = 0
configure:11526: result: GNU/Linux ld.so
configure:11648: checking how to hardcode library paths into programs
configure:11673: result: immediate
configure:12221: checking whether stripping libraries is possible
configure:12230: result: yes
configure:12272: checking if libtool supports shared libraries
configure:12274: result: yes
configure:12277: checking whether to build shared libraries
configure:12302: result: yes
configure:12305: checking whether to build static libraries
configure:12309: result: no
configure:12408: checking for pkg-config
configure:12426: found /usr/bin/pkg-config
configure:12438: result: /usr/bin/pkg-config
configure:12463: checking pkg-config is at least version 0.9.0
configure:12466: result: yes
configure:12477: checking for sndfile
configure:12484: $PKG_CONFIG --exists --print-errors "sndfile"
configure:12487: $? = 0
configure:12501: $PKG_CONFIG --exists --print-errors "sndfile"
configure:12504: $? = 0
configure:12562: result: yes
configure:12693: checking that generated files are newer than configure
configure:12699: result: done
configure:12726: creating ./config.status

## ---------------------- ##
## Running config.status. ##
## ---------------------- ##

This file was extended by libfvad config.status 1.0, which was
generated by GNU Autoconf 2.69.  Invocation command line was

  CONFIG_FILES    = 
  CONFIG_HEADERS  = 
  CONFIG_LINKS    = 
  CONFIG_COMMANDS = 
  $ ./config.status 

on DufusMcDufusDufus

config.status:1096: creating Makefile
config.status:1096: creating src/Makefile
config.status:1096: creating examples/Makefile
config.status:1096: creating tests/Makefile
config.status:1096: creating libfvad.pc
config.status:1096: creating config.h
config.status:1277: config.h is unchanged
config.status:1325: executing depfiles commands
config.status:1325: executing libtool commands
configure:14888: result:
    libfvad 1.0
    ===========

    source code location:   .
    installation prefix:    /usr/local
    compiler:               gcc
    cflags:                 -g -O2 -std=c11 -Wall -Wpedantic

    build examples:         yes


## ---------------- ##
## Cache variables. ##
## ---------------- ##

ac_cv_build=x86_64-pc-linux-gnu
ac_cv_c_compiler_gnu=yes
ac_cv_env_CC_set=
ac_cv_env_CC_value=
ac_cv_env_CFLAGS_set=
ac_cv_env_CFLAGS_value=
ac_cv_env_CPPFLAGS_set=
ac_cv_env_CPPFLAGS_value=
ac_cv_env_CPP_set=
ac_cv_env_CPP_value=
ac_cv_env_LDFLAGS_set=
ac_cv_env_LDFLAGS_value=
ac_cv_env_LIBS_set=
ac_cv_env_LIBS_value=
ac_cv_env_LT_SYS_LIBRARY_PATH_set=
ac_cv_env_LT_SYS_LIBRARY_PATH_value=
ac_cv_env_PKG_CONFIG_LIBDIR_set=
ac_cv_env_PKG_CONFIG_LIBDIR_value=
ac_cv_env_PKG_CONFIG_PATH_set=
ac_cv_env_PKG_CONFIG_PATH_value=
ac_cv_env_PKG_CONFIG_set=
ac_cv_env_PKG_CONFIG_value=
ac_cv_env_build_alias_set=
ac_cv_env_build_alias_value=
ac_cv_env_host_alias_set=
ac_cv_env_host_alias_value=
ac_cv_env_sndfile_CFLAGS_set=
ac_cv_env_sndfile_CFLAGS_value=
ac_cv_env_sndfile_LIBS_set=
ac_cv_env_sndfile_LIBS_value=
ac_cv_env_target_alias_set=
ac_cv_env_target_alias_value=
ac_cv_header_dlfcn_h=yes
ac_cv_header_inttypes_h=yes
ac_cv_header_memory_h=yes
ac_cv_header_stdc=yes
ac_cv_header_stdint_h=yes
ac_cv_header_stdlib_h=yes
ac_cv_header_string_h=yes
ac_cv_header_strings_h=yes
ac_cv_header_sys_stat_h=yes
ac_cv_header_sys_types_h=yes
ac_cv_header_unistd_h=yes
ac_cv_host=x86_64-pc-linux-gnu
ac_cv_objext=o
ac_cv_path_EGREP='/usr/bin/grep -E'
ac_cv_path_FGREP='/usr/bin/grep -F'
ac_cv_path_GREP=/usr/bin/grep
ac_cv_path_SED=/usr/bin/sed
ac_cv_path_ac_pt_PKG_CONFIG=/usr/bin/pkg-config
ac_cv_path_install='/usr/bin/install -c'
ac_cv_path_lt_DD=/usr/bin/dd
ac_cv_path_mkdir=/usr/bin/mkdir
ac_cv_prog_AWK=gawk
ac_cv_prog_CPP='gcc -E'
ac_cv_prog_ac_ct_AR=ar
ac_cv_prog_ac_ct_CC=gcc
ac_cv_prog_ac_ct_OBJDUMP=objdump
ac_cv_prog_ac_ct_RANLIB=ranlib
ac_cv_prog_ac_ct_STRIP=strip
ac_cv_prog_cc_c89=
ac_cv_prog_cc_c99=
ac_cv_prog_cc_g=yes
ac_cv_prog_cc_stdc=
ac_cv_prog_make_make_set=yes
am_cv_CC_dependencies_compiler_type=gcc3
am_cv_make_support_nested_variables=yes
am_cv_prog_cc_c_o=yes
am_cv_prog_tar_pax=gnutar
ax_cv_check_cflags___Wall=yes
ax_cv_check_cflags___Wpedantic=yes
ax_cv_check_cflags___std_c11=yes
lt_cv_ar_at_file=@
lt_cv_archive_cmds_need_lc=no
lt_cv_deplibs_check_method=pass_all
lt_cv_file_magic_cmd='$MAGIC_CMD'
lt_cv_file_magic_test_file=
lt_cv_ld_reload_flag=-r
lt_cv_nm_interface='BSD nm'
lt_cv_objdir=.libs
lt_cv_path_LD=/usr/bin/ld
lt_cv_path_NM='/usr/bin/nm -B'
lt_cv_path_mainfest_tool=no
lt_cv_prog_compiler_c_o=yes
lt_cv_prog_compiler_pic='-fPIC -DPIC'
lt_cv_prog_compiler_pic_works=yes
lt_cv_prog_compiler_rtti_exceptions=no
lt_cv_prog_compiler_static_works=yes
lt_cv_prog_gnu_ld=yes
lt_cv_sharedlib_from_linklib_cmd='printf %s\n'
lt_cv_shlibpath_overrides_runpath=no
lt_cv_sys_global_symbol_pipe='sed -n -e '\''s/^.*[	 ]\([ABCDGIRSTW][ABCDGIRSTW]*\)[	 ][	 ]*\([_A-Za-z][_A-Za-z0-9]*\)$/\1 \2 \2/p'\'' | sed '\''/ __gnu_lto/d'\'''
lt_cv_sys_global_symbol_to_c_name_address='sed -n -e '\''s/^: \(.*\) .*$/  {"\1", (void *) 0},/p'\'' -e '\''s/^[ABCDGIRSTW][ABCDGIRSTW]* .* \(.*\)$/  {"\1", (void *) \&\1},/p'\'''
lt_cv_sys_global_symbol_to_c_name_address_lib_prefix='sed -n -e '\''s/^: \(.*\) .*$/  {"\1", (void *) 0},/p'\'' -e '\''s/^[ABCDGIRSTW][ABCDGIRSTW]* .* \(lib.*\)$/  {"\1", (void *) \&\1},/p'\'' -e '\''s/^[ABCDGIRSTW][ABCDGIRSTW]* .* \(.*\)$/  {"lib\1", (void *) \&\1},/p'\'''
lt_cv_sys_global_symbol_to_cdecl='sed -n -e '\''s/^T .* \(.*\)$/extern int \1();/p'\'' -e '\''s/^[ABCDGIRSTW][ABCDGIRSTW]* .* \(.*\)$/extern char \1;/p'\'''
lt_cv_sys_global_symbol_to_import=
lt_cv_sys_max_cmd_len=1572864
lt_cv_to_host_file_cmd=func_convert_file_noop
lt_cv_to_tool_file_cmd=func_convert_file_noop
lt_cv_truncate_bin='/usr/bin/dd bs=4096 count=1'
pkg_cv_sndfile_CFLAGS=
pkg_cv_sndfile_LIBS=-lsndfile

## ----------------- ##
## Output variables. ##
## ----------------- ##

ACLOCAL='${SHELL} /home/nk/Development/scratch/libfvad/ac-aux/missing aclocal-1.15'
AMDEPBACKSLASH='\'
AMDEP_FALSE='#'
AMDEP_TRUE=''
AMTAR='$${TAR-tar}'
AM_BACKSLASH='\'
AM_DEFAULT_V='$(AM_DEFAULT_VERBOSITY)'
AM_DEFAULT_VERBOSITY='1'
AM_V='$(V)'
AR='ar'
AUTOCONF='${SHELL} /home/nk/Development/scratch/libfvad/ac-aux/missing autoconf'
AUTOHEADER='${SHELL} /home/nk/Development/scratch/libfvad/ac-aux/missing autoheader'
AUTOMAKE='${SHELL} /home/nk/Development/scratch/libfvad/ac-aux/missing automake-1.15'
AWK='gawk'
BUILD_EXAMPLES_FALSE='#'
BUILD_EXAMPLES_TRUE=''
CC='gcc'
CCDEPMODE='depmode=gcc3'
CFLAGS='-g -O2 -std=c11 -Wall -Wpedantic'
CPP='gcc -E'
CPPFLAGS=''
CYGPATH_W='echo'
DEFS='-DHAVE_CONFIG_H'
DEPDIR='.deps'
DLLTOOL='false'
DSYMUTIL=''
DUMPBIN=''
ECHO_C=''
ECHO_N='-n'
ECHO_T=''
EGREP='/usr/bin/grep -E'
EXEEXT=''
FGREP='/usr/bin/grep -F'
GREP='/usr/bin/grep'
INSTALL_DATA='${INSTALL} -m 644'
INSTALL_PROGRAM='${INSTALL}'
INSTALL_SCRIPT='${INSTALL}'
INSTALL_STRIP_PROGRAM='$(install_sh) -c -s'
LD='/usr/bin/ld -m elf_x86_64'
LDFLAGS=''
LIBOBJS=''
LIBS=''
LIBTOOL='$(SHELL) $(top_builddir)/libtool'
LIPO=''
LN_S='ln -s'
LTLIBOBJS=''
LT_SYS_LIBRARY_PATH=''
MAKEINFO='${SHELL} /home/nk/Development/scratch/libfvad/ac-aux/missing makeinfo'
MANIFEST_TOOL=':'
MKDIR_P='/usr/bin/mkdir -p'
NM='/usr/bin/nm -B'
NMEDIT=''
OBJDUMP='objdump'
OBJEXT='o'
OTOOL64=''
OTOOL=''
PACKAGE='libfvad'
PACKAGE_BUGREPORT='dpirch@gmail.com'
PACKAGE_NAME='libfvad'
PACKAGE_STRING='libfvad 1.0'
PACKAGE_TARNAME='libfvad'
PACKAGE_URL='https://github.com/dpirch/libfvad'
PACKAGE_VERSION='1.0'
PATH_SEPARATOR=':'
PKG_CONFIG='/usr/bin/pkg-config'
PKG_CONFIG_LIBDIR=''
PKG_CONFIG_PATH=''
RANLIB='ranlib'
SED='/usr/bin/sed'
SET_MAKE=''
SHELL='/bin/sh'
STRIP='strip'
VERSION='1.0'
ac_ct_AR='ar'
ac_ct_CC='gcc'
ac_ct_DUMPBIN=''
am__EXEEXT_FALSE=''
am__EXEEXT_TRUE='#'
am__fastdepCC_FALSE='#'
am__fastdepCC_TRUE=''
am__include='include'
am__isrc=''
am__leading_dot='.'
am__nodep='_no'
am__quote=''
am__tar='tar --format=posix -chf - "$$tardir"'
am__untar='tar -xf -'
bindir='${exec_prefix}/bin'
build='x86_64-pc-linux-gnu'
build_alias=''
build_cpu='x86_64'
build_os='linux-gnu'
build_vendor='pc'
datadir='${datarootdir}'
datarootdir='${prefix}/share'
docdir='${datarootdir}/doc/${PACKAGE_TARNAME}'
dvidir='${docdir}'
exec_prefix='${prefix}'
host='x86_64-pc-linux-gnu'
host_alias=''
host_cpu='x86_64'
host_os='linux-gnu'
host_vendor='pc'
htmldir='${docdir}'
includedir='${prefix}/include'
infodir='${datarootdir}/info'
install_sh='${SHELL} /home/nk/Development/scratch/libfvad/ac-aux/install-sh'
libdir='${exec_prefix}/lib'
libexecdir='${exec_prefix}/libexec'
localedir='${datarootdir}/locale'
localstatedir='${prefix}/var'
mandir='${datarootdir}/man'
mkdir_p='$(MKDIR_P)'
oldincludedir='/usr/include'
pdfdir='${docdir}'
prefix='/usr/local'
program_transform_name='s,x,x,'
psdir='${docdir}'
sbindir='${exec_prefix}/sbin'
sharedstatedir='${prefix}/com'
sndfile_CFLAGS=''
sndfile_LIBS='-lsndfile'
sysconfdir='${prefix}/etc'
target_alias=''

## ----------- ##
## confdefs.h. ##
## ----------- ##

/* confdefs.h */
#define PACKAGE_NAME "libfvad"
#define PACKAGE_TARNAME "libfvad"
#define PACKAGE_VERSION "1.0"
#define PACKAGE_STRING "libfvad 1.0"
#define PACKAGE_BUGREPORT "dpirch@gmail.com"
#define PACKAGE_URL "https://github.com/dpirch/libfvad"
#define PACKAGE "libfvad"
#define VERSION "1.0"
#define STDC_HEADERS 1
#define HAVE_SYS_TYPES_H 1
#define HAVE_SYS_STAT_H 1
#define HAVE_STDLIB_H 1
#define HAVE_STRING_H 1
#define HAVE_MEMORY_H 1
#define HAVE_STRINGS_H 1
#define HAVE_INTTYPES_H 1
#define HAVE_STDINT_H 1
#define HAVE_UNISTD_H 1
#define HAVE_DLFCN_H 1
#define LT_OBJDIR ".libs/"

configure: exit 0
